dh_update_autotools_config
dh_auto_configure
dh_prep
dh_installdirs
dh_install
dh_installdocs
dh_installchangelogs
dh_installexamples
dh_installman
dh_installcatalogs
dh_installcron
dh_installdebconf
dh_installemacsen
dh_installifupdown
dh_installinfo
dh_installinit
dh_installmenu
dh_installmime
dh_installmodules
dh_installlogcheck
dh_installlogrotate
dh_installpam
dh_installppp
dh_installudev
dh_installgsettings
dh_bugfiles
dh_ucf
dh_lintian
dh_gconf
dh_icons
dh_perl
dh_usrlocal
dh_link
dh_installwm
dh_installxfonts
dh_strip_nondeterminism
dh_compress
dh_fixperms
dh_missing
dh_strip
dh_makeshlibs
dh_shlibdeps
dh_installdeb
dh_gencontrol
dh_md5sums
